<?xml version="1.0" encoding="UTF-8"?>
<testng-results ignored="0" total="2" passed="2" failed="0" skipped="0">
  <reporter-output>
  </reporter-output>
  <suite started-at="2026-05-24T16:55:52 IST" name="Todo Selenium Suite" finished-at="2026-05-24T16:55:57 IST" duration-ms="4929">
    <groups>
    </groups>
    <test started-at="2026-05-24T16:55:52 IST" name="Todo UI Tests" finished-at="2026-05-24T16:55:57 IST" duration-ms="4929">
      <class name="com.example.selenium.TodoTest">
        <test-method is-config="true" signature="setup()[pri:0, instance:com.example.selenium.TodoTest@54c562f7]" started-at="2026-05-24T16:55:52 IST" name="setup" finished-at="2026-05-24T16:55:54 IST" duration-ms="2151" status="PASS">
          <reporter-output>
          </reporter-output>
        </test-method> <!-- setup -->
        <test-method signature="addTodo()[pri:0, instance:com.example.selenium.TodoTest@54c562f7]" started-at="2026-05-24T16:55:54 IST" name="addTodo" finished-at="2026-05-24T16:55:55 IST" duration-ms="920" status="PASS">
          <reporter-output>
          </reporter-output>
        </test-method> <!-- addTodo -->
        <test-method is-config="true" signature="tearDown()[pri:0, instance:com.example.selenium.TodoTest@54c562f7]" started-at="2026-05-24T16:55:55 IST" name="tearDown" finished-at="2026-05-24T16:55:55 IST" duration-ms="109" status="PASS">
          <reporter-output>
          </reporter-output>
        </test-method> <!-- tearDown -->
        <test-method is-config="true" signature="setup()[pri:0, instance:com.example.selenium.TodoTest@54c562f7]" started-at="2026-05-24T16:55:55 IST" name="setup" finished-at="2026-05-24T16:55:56 IST" duration-ms="686" status="PASS">
          <reporter-output>
          </reporter-output>
        </test-method> <!-- setup -->
        <test-method signature="deleteTodo()[pri:0, instance:com.example.selenium.TodoTest@54c562f7]" started-at="2026-05-24T16:55:56 IST" name="deleteTodo" finished-at="2026-05-24T16:55:57 IST" duration-ms="936" status="PASS">
          <reporter-output>
          </reporter-output>
        </test-method> <!-- deleteTodo -->
        <test-method is-config="true" signature="tearDown()[pri:0, instance:com.example.selenium.TodoTest@54c562f7]" started-at="2026-05-24T16:55:57 IST" name="tearDown" finished-at="2026-05-24T16:55:57 IST" duration-ms="108" status="PASS">
          <reporter-output>
          </reporter-output>
        </test-method> <!-- tearDown -->
      </class> <!-- com.example.selenium.TodoTest -->
    </test> <!-- Todo UI Tests -->
  </suite> <!-- Todo Selenium Suite -->
</testng-results>
