<?xml version="1.0" encoding="UTF-8"?>
<testng-results ignored="0" total="4" passed="4" failed="0" skipped="0">
  <reporter-output>
  </reporter-output>
  <suite started-at="2026-05-25T13:52:38 IST" name="Todo Selenium Suite" finished-at="2026-05-25T13:52:46 IST" duration-ms="8407">
    <groups>
    </groups>
    <test started-at="2026-05-25T13:52:38 IST" name="Todo UI Tests" finished-at="2026-05-25T13:52:46 IST" duration-ms="8407">
      <class name="com.example.selenium.TodoTest">
        <test-method is-config="true" signature="setup()[pri:0, instance:com.example.selenium.TodoTest@6af93788]" started-at="2026-05-25T13:52:38 IST" name="setup" finished-at="2026-05-25T13:52:40 IST" duration-ms="1778" status="PASS">
          <reporter-output>
          </reporter-output>
        </test-method> <!-- setup -->
        <test-method signature="addTodo()[pri:0, instance:com.example.selenium.TodoTest@6af93788]" started-at="2026-05-25T13:52:40 IST" name="addTodo" finished-at="2026-05-25T13:52:42 IST" duration-ms="1867" status="PASS">
          <reporter-output>
          </reporter-output>
        </test-method> <!-- addTodo -->
        <test-method is-config="true" signature="tearDown()[pri:0, instance:com.example.selenium.TodoTest@6af93788]" started-at="2026-05-25T13:52:42 IST" name="tearDown" finished-at="2026-05-25T13:52:42 IST" duration-ms="128" status="PASS">
          <reporter-output>
          </reporter-output>
        </test-method> <!-- tearDown -->
        <test-method is-config="true" signature="setup()[pri:0, instance:com.example.selenium.TodoTest@6af93788]" started-at="2026-05-25T13:52:42 IST" name="setup" finished-at="2026-05-25T13:52:42 IST" duration-ms="569" status="PASS">
          <reporter-output>
          </reporter-output>
        </test-method> <!-- setup -->
        <test-method signature="addTodoWithDueDate()[pri:0, instance:com.example.selenium.TodoTest@6af93788]" started-at="2026-05-25T13:52:42 IST" name="addTodoWithDueDate" finished-at="2026-05-25T13:52:43 IST" duration-ms="572" status="PASS">
          <reporter-output>
          </reporter-output>
        </test-method> <!-- addTodoWithDueDate -->
        <test-method is-config="true" signature="tearDown()[pri:0, instance:com.example.selenium.TodoTest@6af93788]" started-at="2026-05-25T13:52:43 IST" name="tearDown" finished-at="2026-05-25T13:52:43 IST" duration-ms="107" status="PASS">
          <reporter-output>
          </reporter-output>
        </test-method> <!-- tearDown -->
        <test-method is-config="true" signature="setup()[pri:0, instance:com.example.selenium.TodoTest@6af93788]" started-at="2026-05-25T13:52:43 IST" name="setup" finished-at="2026-05-25T13:52:43 IST" duration-ms="454" status="PASS">
          <reporter-output>
          </reporter-output>
        </test-method> <!-- setup -->
        <test-method signature="deleteTodo()[pri:0, instance:com.example.selenium.TodoTest@6af93788]" started-at="2026-05-25T13:52:43 IST" name="deleteTodo" finished-at="2026-05-25T13:52:44 IST" duration-ms="976" status="PASS">
          <reporter-output>
          </reporter-output>
        </test-method> <!-- deleteTodo -->
        <test-method is-config="true" signature="tearDown()[pri:0, instance:com.example.selenium.TodoTest@6af93788]" started-at="2026-05-25T13:52:44 IST" name="tearDown" finished-at="2026-05-25T13:52:45 IST" duration-ms="107" status="PASS">
          <reporter-output>
          </reporter-output>
        </test-method> <!-- tearDown -->
        <test-method is-config="true" signature="setup()[pri:0, instance:com.example.selenium.TodoTest@6af93788]" started-at="2026-05-25T13:52:45 IST" name="setup" finished-at="2026-05-25T13:52:45 IST" duration-ms="542" status="PASS">
          <reporter-output>
          </reporter-output>
        </test-method> <!-- setup -->
        <test-method signature="markTodoComplete()[pri:0, instance:com.example.selenium.TodoTest@6af93788]" started-at="2026-05-25T13:52:45 IST" name="markTodoComplete" finished-at="2026-05-25T13:52:46 IST" duration-ms="1184" status="PASS">
          <reporter-output>
          </reporter-output>
        </test-method> <!-- markTodoComplete -->
        <test-method is-config="true" signature="tearDown()[pri:0, instance:com.example.selenium.TodoTest@6af93788]" started-at="2026-05-25T13:52:46 IST" name="tearDown" finished-at="2026-05-25T13:52:46 IST" duration-ms="110" status="PASS">
          <reporter-output>
          </reporter-output>
        </test-method> <!-- tearDown -->
      </class> <!-- com.example.selenium.TodoTest -->
    </test> <!-- Todo UI Tests -->
  </suite> <!-- Todo Selenium Suite -->
</testng-results>
