<?xml version="1.0" encoding="UTF-8"?>
<!-- Generated by org.testng.reporters.JUnitReportReporter -->
<testsuite hostname="Husains-MacBook-Air.local" failures="0" tests="2" name="com.example.selenium.TodoTest" time="4.910" errors="0" timestamp="2026-05-24T16:55:57 IST" skipped="0">
  <testcase classname="com.example.selenium.TodoTest" name="addTodo" time="3.179"/>
  <testcase classname="com.example.selenium.TodoTest" name="deleteTodo" time="1.731"/>
</testsuite> <!-- com.example.selenium.TodoTest -->
