<?xml version="1.0" encoding="UTF-8"?>
<!-- Generated by org.testng.reporters.JUnitReportReporter -->
<testsuite hostname="Manmeets-MacBook-Air.local" failures="0" tests="4" name="com.example.selenium.TodoTest" time="8.394" errors="0" timestamp="2026-05-25T13:52:46 IST" skipped="0">
  <testcase classname="com.example.selenium.TodoTest" name="addTodoWithDueDate" time="2.460"/>
  <testcase classname="com.example.selenium.TodoTest" name="deleteTodo" time="1.673"/>
  <testcase classname="com.example.selenium.TodoTest" name="markTodoComplete" time="1.745"/>
  <testcase classname="com.example.selenium.TodoTest" name="addTodo" time="2.516"/>
</testsuite> <!-- com.example.selenium.TodoTest -->
