<?xml version="1.0" encoding="UTF-8"?>
<!-- Generated by org.testng.reporters.JUnitXMLReporter -->
<testsuite ignored="0" hostname="Manmeets-MacBook-Air.local" failures="0" tests="4" name="Todo UI Tests" time="8.407" errors="0" timestamp="2026-05-25T13:52:46 IST">
  <testcase classname="com.example.selenium.TodoTest" name="addTodo" time="1.867"/>
  <testcase classname="com.example.selenium.TodoTest" name="addTodoWithDueDate" time="0.572"/>
  <testcase classname="com.example.selenium.TodoTest" name="deleteTodo" time="0.976"/>
  <testcase classname="com.example.selenium.TodoTest" name="markTodoComplete" time="1.184"/>
</testsuite> <!-- Todo UI Tests -->
